# JRE version: Java(TM) SE Runtime Environment (7.0_80-b15) (build 1.7.0_80-b15)
# Java VM: Java HotSpot(TM) 64-Bit Server VM (24.80-b11 mixed mode linux-amd64 compressed oops)
Heap
 PSYoungGen      total 105984K, used 592K [0x00000000eaa80000, 0x00000000f1600000, 0x0000000100000000)
  eden space 101888K, 0% used [0x00000000eaa80000,0x00000000eaa80000,0x00000000f0e00000)
  from space 4096K, 14% used [0x00000000f0e00000,0x00000000f0e94010,0x00000000f1200000)
  to   space 4096K, 0% used [0x00000000f1200000,0x00000000f1200000,0x00000000f1600000)
 ParOldGen       total 20992K, used 15060K [0x00000000c0000000, 0x00000000c1480000, 0x00000000eaa80000)
  object space 20992K, 71% used [0x00000000c0000000,0x00000000c0eb50b8,0x00000000c1480000)
 PSPermGen       total 23040K, used 22821K [0x00000000b0000000, 0x00000000b1680000, 0x00000000c0000000)
  object space 23040K, 99% used [0x00000000b0000000,0x00000000b16495c8,0x00000000b1680000)
GC Heap History (10 events):
Event: 8.847 GC heap after
Heap after GC invocations=18 (full 0):
 PSYoungGen      total 55808K, used 2362K [0x00000000eaa80000, 0x00000000ee500000, 0x0000000100000000)
  eden space 51712K, 0% used [0x00000000eaa80000,0x00000000eaa80000,0x00000000edd00000)
  from space 4096K, 57% used [0x00000000ee100000,0x00000000ee34eb38,0x00000000ee500000)
  to   space 4096K, 0% used [0x00000000edd00000,0x00000000edd00000,0x00000000ee100000)
 ParOldGen       total 20992K, used 10168K [0x00000000c0000000, 0x00000000c1480000, 0x00000000eaa80000)
  object space 20992K, 48% used [0x00000000c0000000,0x00000000c09ee068,0x00000000c1480000)
 PSPermGen       total 22528K, used 22179K [0x00000000b0000000, 0x00000000b1600000, 0x00000000c0000000)
  object space 22528K, 98% used [0x00000000b0000000,0x00000000b15a8e00,0x00000000b1600000)
}
Event: 9.444 GC heap before
{Heap before GC invocations=19 (full 0):
 PSYoungGen      total 55808K, used 54074K [0x00000000eaa80000, 0x00000000ee500000, 0x0000000100000000)
  eden space 51712K, 100% used [0x00000000eaa80000,0x00000000edd00000,0x00000000edd00000)
  from space 4096K, 57% used [0x00000000ee100000,0x00000000ee34eb38,0x00000000ee500000)
  to   space 4096K, 0% used [0x00000000edd00000,0x00000000edd00000,0x00000000ee100000)
 ParOldGen       total 20992K, used 10168K [0x00000000c0000000, 0x00000000c1480000, 0x00000000eaa80000)
  object space 20992K, 48% used [0x00000000c0000000,0x00000000c09ee068,0x00000000c1480000)
 PSPermGen       total 22528K, used 22288K [0x00000000b0000000, 0x00000000b1600000, 0x00000000c0000000)
  object space 22528K, 98% used [0x00000000b0000000,0x00000000b15c41c0,0x00000000b1600000)
Event: 9.454 GC heap after
Heap after GC invocations=19 (full 0):
 PSYoungGen      total 55808K, used 976K [0x00000000eaa80000, 0x00000000ef980000, 0x0000000100000000)
  eden space 51712K, 0% used [0x00000000eaa80000,0x00000000eaa80000,0x00000000edd00000)
  from space 4096K, 23% used [0x00000000edd00000,0x00000000eddf4010,0x00000000ee100000)
  to   space 4096K, 0% used [0x00000000ef580000,0x00000000ef580000,0x00000000ef980000)
 ParOldGen       total 20992K, used 11492K [0x00000000c0000000, 0x00000000c1480000, 0x00000000eaa80000)
  object space 20992K, 54% used [0x00000000c0000000,0x00000000c0b390f8,0x00000000c1480000)
 PSPermGen       total 22528K, used 22288K [0x00000000b0000000, 0x00000000b1600000, 0x00000000c0000000)
  object space 22528K, 98% used [0x00000000b0000000,0x00000000b15c41c0,0x00000000b1600000)
}
Event: 9.795 GC heap before
{Heap before GC invocations=20 (full 0):
 PSYoungGen      total 55808K, used 52688K [0x00000000eaa80000, 0x00000000ef980000, 0x0000000100000000)
  eden space 51712K, 100% used [0x00000000eaa80000,0x00000000edd00000,0x00000000edd00000)
  from space 4096K, 23% used [0x00000000edd00000,0x00000000eddf4010,0x00000000ee100000)
  to   space 4096K, 0% used [0x00000000ef580000,0x00000000ef580000,0x00000000ef980000)
 ParOldGen       total 20992K, used 11492K [0x00000000c0000000, 0x00000000c1480000, 0x00000000eaa80000)
  object space 20992K, 54% used [0x00000000c0000000,0x00000000c0b390f8,0x00000000c1480000)
 PSPermGen       total 22528K, used 22290K [0x00000000b0000000, 0x00000000b1600000, 0x00000000c0000000)
  object space 22528K, 98% used [0x00000000b0000000,0x00000000b15c4a60,0x00000000b1600000)
Event: 9.813 GC heap after
Heap after GC invocations=20 (full 0):
 PSYoungGen      total 76800K, used 224K [0x00000000eaa80000, 0x00000000ef980000, 0x0000000100000000)
  eden space 72704K, 0% used [0x00000000eaa80000,0x00000000eaa80000,0x00000000ef180000)
  from space 4096K, 5% used [0x00000000ef580000,0x00000000ef5b8000,0x00000000ef980000)
  to   space 4096K, 0% used [0x00000000ef180000,0x00000000ef180000,0x00000000ef580000)
 ParOldGen       total 20992K, used 12372K [0x00000000c0000000, 0x00000000c1480000, 0x00000000eaa80000)
  object space 20992K, 58% used [0x00000000c0000000,0x00000000c0c15128,0x00000000c1480000)
 PSPermGen       total 22528K, used 22290K [0x00000000b0000000, 0x00000000b1600000, 0x00000000c0000000)
  object space 22528K, 98% used [0x00000000b0000000,0x00000000b15c4a60,0x00000000b1600000)
}
Event: 10.632 GC heap before
{Heap before GC invocations=21 (full 0):
 PSYoungGen      total 76800K, used 72928K [0x00000000eaa80000, 0x00000000ef980000, 0x0000000100000000)
  eden space 72704K, 100% used [0x00000000eaa80000,0x00000000ef180000,0x00000000ef180000)
  from space 4096K, 5% used [0x00000000ef580000,0x00000000ef5b8000,0x00000000ef980000)
  to   space 4096K, 0% used [0x00000000ef180000,0x00000000ef180000,0x00000000ef580000)
 ParOldGen       total 20992K, used 12372K [0x00000000c0000000, 0x00000000c1480000, 0x00000000eaa80000)
  object space 20992K, 58% used [0x00000000c0000000,0x00000000c0c15128,0x00000000c1480000)
 PSPermGen       total 22528K, used 22302K [0x00000000b0000000, 0x00000000b1600000, 0x00000000c0000000)
  object space 22528K, 98% used [0x00000000b0000000,0x00000000b15c78f8,0x00000000b1600000)
Event: 10.639 GC heap after
Heap after GC invocations=21 (full 0):
 PSYoungGen      total 76800K, used 608K [0x00000000eaa80000, 0x00000000f1600000, 0x0000000100000000)
  eden space 72704K, 0% used [0x00000000eaa80000,0x00000000eaa80000,0x00000000ef180000)
  from space 4096K, 14% used [0x00000000ef180000,0x00000000ef218010,0x00000000ef580000)
  to   space 4096K, 0% used [0x00000000f1200000,0x00000000f1200000,0x00000000f1600000)
 ParOldGen       total 20992K, used 12548K [0x00000000c0000000, 0x00000000c1480000, 0x00000000eaa80000)
  object space 20992K, 59% used [0x00000000c0000000,0x00000000c0c41128,0x00000000c1480000)
 PSPermGen       total 22528K, used 22302K [0x00000000b0000000, 0x00000000b1600000, 0x00000000c0000000)
  object space 22528K, 98% used [0x00000000b0000000,0x00000000b15c78f8,0x00000000b1600000)
}
Event: 11.516 GC heap before
{Heap before GC invocations=22 (full 0):
 PSYoungGen      total 76800K, used 73312K [0x00000000eaa80000, 0x00000000f1600000, 0x0000000100000000)
  eden space 72704K, 100% used [0x00000000eaa80000,0x00000000ef180000,0x00000000ef180000)
  from space 4096K, 14% used [0x00000000ef180000,0x00000000ef218010,0x00000000ef580000)
  to   space 4096K, 0% used [0x00000000f1200000,0x00000000f1200000,0x00000000f1600000)
 ParOldGen       total 20992K, used 12548K [0x00000000c0000000, 0x00000000c1480000, 0x00000000eaa80000)
  object space 20992K, 59% used [0x00000000c0000000,0x00000000c0c41128,0x00000000c1480000)
 PSPermGen       total 23040K, used 22821K [0x00000000b0000000, 0x00000000b1680000, 0x00000000c0000000)
  object space 23040K, 99% used [0x00000000b0000000,0x00000000b16495c8,0x00000000b1680000)
Event: 11.587 GC heap after
Heap after GC invocations=22 (full 0):
 PSYoungGen      total 105984K, used 2483K [0x00000000eaa80000, 0x00000000f1600000, 0x0000000100000000)
  eden space 101888K, 0% used [0x00000000eaa80000,0x00000000eaa80000,0x00000000f0e00000)
  from space 4096K, 60% used [0x00000000f1200000,0x00000000f146cc80,0x00000000f1600000)
  to   space 4096K, 0% used [0x00000000f0e00000,0x00000000f0e00000,0x00000000f1200000)
 ParOldGen       total 20992K, used 13108K [0x00000000c0000000, 0x00000000c1480000, 0x00000000eaa80000)
  object space 20992K, 62% used [0x00000000c0000000,0x00000000c0ccd1b8,0x00000000c1480000)
 PSPermGen       total 23040K, used 22821K [0x00000000b0000000, 0x00000000b1680000, 0x00000000c0000000)
  object space 23040K, 99% used [0x00000000b0000000,0x00000000b16495c8,0x00000000b1680000)
}
Event: 12.778 GC heap before
{Heap before GC invocations=23 (full 0):
 PSYoungGen      total 105984K, used 104371K [0x00000000eaa80000, 0x00000000f1600000, 0x0000000100000000)
  eden space 101888K, 100% used [0x00000000eaa80000,0x00000000f0e00000,0x00000000f0e00000)
  from space 4096K, 60% used [0x00000000f1200000,0x00000000f146cc80,0x00000000f1600000)
  to   space 4096K, 0% used [0x00000000f0e00000,0x00000000f0e00000,0x00000000f1200000)
 ParOldGen       total 20992K, used 13108K [0x00000000c0000000, 0x00000000c1480000, 0x00000000eaa80000)
  object space 20992K, 62% used [0x00000000c0000000,0x00000000c0ccd1b8,0x00000000c1480000)
 PSPermGen       total 23040K, used 22821K [0x00000000b0000000, 0x00000000b1680000, 0x00000000c0000000)
  object space 23040K, 99% used [0x00000000b0000000,0x00000000b16495c8,0x00000000b1680000)

