# JRE version: Java(TM) SE Runtime Environment (7.0_80-b15) (build 1.7.0_80-b15)
# Java VM: Java HotSpot(TM) 64-Bit Server VM (24.80-b11 mixed mode linux-amd64 compressed oops)
Heap
 PSYoungGen      total 145408K, used 3008K [0x00000000eaa80000, 0x00000000f3f80000, 0x0000000100000000)
  eden space 138240K, 0% used [0x00000000eaa80000,0x00000000eaa80000,0x00000000f3180000)
  from space 7168K, 41% used [0x00000000f3180000,0x00000000f3470010,0x00000000f3880000)
  to   space 7168K, 0% used [0x00000000f3880000,0x00000000f3880000,0x00000000f3f80000)
 ParOldGen       total 20992K, used 13801K [0x00000000c0000000, 0x00000000c1480000, 0x00000000eaa80000)
  object space 20992K, 65% used [0x00000000c0000000,0x00000000c0d7a740,0x00000000c1480000)
 PSPermGen       total 22528K, used 22297K [0x00000000b0000000, 0x00000000b1600000, 0x00000000c0000000)
  object space 22528K, 98% used [0x00000000b0000000,0x00000000b15c6770,0x00000000b1600000)
GC Heap History (10 events):
Event: 1.495 GC heap after
Heap after GC invocations=4 (full 0):
 PSYoungGen      total 35840K, used 1024K [0x00000000eaa80000, 0x00000000ece80000, 0x0000000100000000)
  eden space 34816K, 0% used [0x00000000eaa80000,0x00000000eaa80000,0x00000000ecc80000)
  from space 1024K, 100% used [0x00000000ecd80000,0x00000000ece80000,0x00000000ece80000)
  to   space 1024K, 0% used [0x00000000ecc80000,0x00000000ecc80000,0x00000000ecd80000)
 ParOldGen       total 20992K, used 5681K [0x00000000c0000000, 0x00000000c1480000, 0x00000000eaa80000)
  object space 20992K, 27% used [0x00000000c0000000,0x00000000c058c408,0x00000000c1480000)
 PSPermGen       total 21504K, used 10261K [0x00000000b0000000, 0x00000000b1500000, 0x00000000c0000000)
  object space 21504K, 47% used [0x00000000b0000000,0x00000000b0a05520,0x00000000b1500000)
}
Event: 2.589 GC heap before
{Heap before GC invocations=5 (full 0):
 PSYoungGen      total 35840K, used 35840K [0x00000000eaa80000, 0x00000000ece80000, 0x0000000100000000)
  eden space 34816K, 100% used [0x00000000eaa80000,0x00000000ecc80000,0x00000000ecc80000)
  from space 1024K, 100% used [0x00000000ecd80000,0x00000000ece80000,0x00000000ece80000)
  to   space 1024K, 0% used [0x00000000ecc80000,0x00000000ecc80000,0x00000000ecd80000)
 ParOldGen       total 20992K, used 5681K [0x00000000c0000000, 0x00000000c1480000, 0x00000000eaa80000)
  object space 20992K, 27% used [0x00000000c0000000,0x00000000c058c408,0x00000000c1480000)
 PSPermGen       total 21504K, used 16685K [0x00000000b0000000, 0x00000000b1500000, 0x00000000c0000000)
  object space 21504K, 77% used [0x00000000b0000000,0x00000000b104b558,0x00000000b1500000)
Event: 2.634 GC heap after
Heap after GC invocations=5 (full 0):
 PSYoungGen      total 35840K, used 1008K [0x00000000eaa80000, 0x00000000efb80000, 0x0000000100000000)
  eden space 34816K, 0% used [0x00000000eaa80000,0x00000000eaa80000,0x00000000ecc80000)
  from space 1024K, 98% used [0x00000000ecc80000,0x00000000ecd7c010,0x00000000ecd80000)
  to   space 6656K, 0% used [0x00000000ef500000,0x00000000ef500000,0x00000000efb80000)
 ParOldGen       total 20992K, used 11448K [0x00000000c0000000, 0x00000000c1480000, 0x00000000eaa80000)
  object space 20992K, 54% used [0x00000000c0000000,0x00000000c0b2e110,0x00000000c1480000)
 PSPermGen       total 21504K, used 16685K [0x00000000b0000000, 0x00000000b1500000, 0x00000000c0000000)
  object space 21504K, 77% used [0x00000000b0000000,0x00000000b104b558,0x00000000b1500000)
}
Event: 3.275 GC heap before
{Heap before GC invocations=6 (full 0):
 PSYoungGen      total 35840K, used 35824K [0x00000000eaa80000, 0x00000000efb80000, 0x0000000100000000)
  eden space 34816K, 100% used [0x00000000eaa80000,0x00000000ecc80000,0x00000000ecc80000)
  from space 1024K, 98% used [0x00000000ecc80000,0x00000000ecd7c010,0x00000000ecd80000)
  to   space 6656K, 0% used [0x00000000ef500000,0x00000000ef500000,0x00000000efb80000)
 ParOldGen       total 20992K, used 11448K [0x00000000c0000000, 0x00000000c1480000, 0x00000000eaa80000)
  object space 20992K, 54% used [0x00000000c0000000,0x00000000c0b2e110,0x00000000c1480000)
 PSPermGen       total 21504K, used 20147K [0x00000000b0000000, 0x00000000b1500000, 0x00000000c0000000)
  object space 21504K, 93% used [0x00000000b0000000,0x00000000b13acda8,0x00000000b1500000)
Event: 3.303 GC heap after
Heap after GC invocations=6 (full 0):
 PSYoungGen      total 75776K, used 5004K [0x00000000eaa80000, 0x00000000efc80000, 0x0000000100000000)
  eden space 69120K, 0% used [0x00000000eaa80000,0x00000000eaa80000,0x00000000eee00000)
  from space 6656K, 75% used [0x00000000ef500000,0x00000000ef9e31b0,0x00000000efb80000)
  to   space 7168K, 0% used [0x00000000eee00000,0x00000000eee00000,0x00000000ef500000)
 ParOldGen       total 20992K, used 11448K [0x00000000c0000000, 0x00000000c1480000, 0x00000000eaa80000)
  object space 20992K, 54% used [0x00000000c0000000,0x00000000c0b2e110,0x00000000c1480000)
 PSPermGen       total 21504K, used 20147K [0x00000000b0000000, 0x00000000b1500000, 0x00000000c0000000)
  object space 21504K, 93% used [0x00000000b0000000,0x00000000b13acda8,0x00000000b1500000)
}
Event: 3.619 GC heap before
{Heap before GC invocations=7 (full 0):
 PSYoungGen      total 75776K, used 74124K [0x00000000eaa80000, 0x00000000efc80000, 0x0000000100000000)
  eden space 69120K, 100% used [0x00000000eaa80000,0x00000000eee00000,0x00000000eee00000)
  from space 6656K, 75% used [0x00000000ef500000,0x00000000ef9e31b0,0x00000000efb80000)
  to   space 7168K, 0% used [0x00000000eee00000,0x00000000eee00000,0x00000000ef500000)
 ParOldGen       total 20992K, used 11448K [0x00000000c0000000, 0x00000000c1480000, 0x00000000eaa80000)
  object space 20992K, 54% used [0x00000000c0000000,0x00000000c0b2e110,0x00000000c1480000)
 PSPermGen       total 21504K, used 20155K [0x00000000b0000000, 0x00000000b1500000, 0x00000000c0000000)
  object space 21504K, 93% used [0x00000000b0000000,0x00000000b13aedb8,0x00000000b1500000)
Event: 3.630 GC heap after
Heap after GC invocations=7 (full 0):
 PSYoungGen      total 76288K, used 2552K [0x00000000eaa80000, 0x00000000f3f80000, 0x0000000100000000)
  eden space 69120K, 0% used [0x00000000eaa80000,0x00000000eaa80000,0x00000000eee00000)
  from space 7168K, 35% used [0x00000000eee00000,0x00000000ef07e0f0,0x00000000ef500000)
  to   space 7168K, 0% used [0x00000000f3880000,0x00000000f3880000,0x00000000f3f80000)
 ParOldGen       total 20992K, used 11712K [0x00000000c0000000, 0x00000000c1480000, 0x00000000eaa80000)
  object space 20992K, 55% used [0x00000000c0000000,0x00000000c0b70150,0x00000000c1480000)
 PSPermGen       total 21504K, used 20155K [0x00000000b0000000, 0x00000000b1500000, 0x00000000c0000000)
  object space 21504K, 93% used [0x00000000b0000000,0x00000000b13aedb8,0x00000000b1500000)
}
Event: 4.234 GC heap before
{Heap before GC invocations=8 (full 0):
 PSYoungGen      total 76288K, used 71672K [0x00000000eaa80000, 0x00000000f3f80000, 0x0000000100000000)
  eden space 69120K, 100% used [0x00000000eaa80000,0x00000000eee00000,0x00000000eee00000)
  from space 7168K, 35% used [0x00000000eee00000,0x00000000ef07e0f0,0x00000000ef500000)
  to   space 7168K, 0% used [0x00000000f3880000,0x00000000f3880000,0x00000000f3f80000)
 ParOldGen       total 20992K, used 11712K [0x00000000c0000000, 0x00000000c1480000, 0x00000000eaa80000)
  object space 20992K, 55% used [0x00000000c0000000,0x00000000c0b70150,0x00000000c1480000)
 PSPermGen       total 22528K, used 22269K [0x00000000b0000000, 0x00000000b1600000, 0x00000000c0000000)
  object space 22528K, 98% used [0x00000000b0000000,0x00000000b15bf6f0,0x00000000b1600000)
Event: 4.245 GC heap after
Heap after GC invocations=8 (full 0):
 PSYoungGen      total 145408K, used 4934K [0x00000000eaa80000, 0x00000000f3f80000, 0x0000000100000000)
  eden space 138240K, 0% used [0x00000000eaa80000,0x00000000eaa80000,0x00000000f3180000)
  from space 7168K, 68% used [0x00000000f3880000,0x00000000f3d518e8,0x00000000f3f80000)
  to   space 7168K, 0% used [0x00000000f3180000,0x00000000f3180000,0x00000000f3880000)
 ParOldGen       total 20992K, used 12097K [0x00000000c0000000, 0x00000000c1480000, 0x00000000eaa80000)
  object space 20992K, 57% used [0x00000000c0000000,0x00000000c0bd05f0,0x00000000c1480000)
 PSPermGen       total 22528K, used 22269K [0x00000000b0000000, 0x00000000b1600000, 0x00000000c0000000)
  object space 22528K, 98% used [0x00000000b0000000,0x00000000b15bf6f0,0x00000000b1600000)
}
Event: 5.109 GC heap before
{Heap before GC invocations=9 (full 0):
 PSYoungGen      total 145408K, used 143174K [0x00000000eaa80000, 0x00000000f3f80000, 0x0000000100000000)
  eden space 138240K, 100% used [0x00000000eaa80000,0x00000000f3180000,0x00000000f3180000)
  from space 7168K, 68% used [0x00000000f3880000,0x00000000f3d518e8,0x00000000f3f80000)
  to   space 7168K, 0% used [0x00000000f3180000,0x00000000f3180000,0x00000000f3880000)
 ParOldGen       total 20992K, used 12097K [0x00000000c0000000, 0x00000000c1480000, 0x00000000eaa80000)
  object space 20992K, 57% used [0x00000000c0000000,0x00000000c0bd05f0,0x00000000c1480000)
 PSPermGen       total 22528K, used 22297K [0x00000000b0000000, 0x00000000b1600000, 0x00000000c0000000)
  object space 22528K, 98% used [0x00000000b0000000,0x00000000b15c6770,0x00000000b1600000)

